086A401103000000
0000000000000000
0000000000000000
1CF20E12FD04AA20
5B00FEC4A8685B00
11C5A8585B001F45
A9EC5A002945AACC
5A002705AB7C5A00
3145AC149A003685
ACE899005445ADAC
99003F45ADA09900
3FC5ACC099003AC5
ACD099003EC5ABD8
990045C5ACBC9900
1E05A9545B0002C5
A9285B00A002A840
5C0097C2A7785C00
C0C2ABD49900E702
A8B85B00EC02A9C0
9B005683A8DC9B00
A8C3A73C5C00D683
A8F49B00C083A630
5D00A803A71C9D00
1304A7D05C006D84
A8145C007E44AA90
5A007A04AD8C9900
E044ACB499004805
AACC5A003E85A8A4
5B000CC5A6205C00
4143AF68D8002503
B078D80021C3ADFC
D800FB82B010D800
C7C2ABD099008C82
AE30D9007102AE28
D90047C2ACEC9900
24C2A8689B002742
AA549B005C42A960
9B007D82A9949B00
8342A8449C008E42
A80C5C005E0C0000
350700017C025251
140796805A00EDA6
18041A990458BA61
FB9F2183F2900700
060802240C43173C
C2430808B240DE00
0808D242A2F90808
D242A3F908080C41
0C539212901C5C93
0320A2410808023C
B24308081C432153
30410A124A4C4C93
0B20B24050CC0207
92D30007B2C00002
0007A2D20007023C
9212821C32D0D800
E2B3C31C0928E2C3
C31C4A93052412C3
1210A41C1211A41C
3A4130410A120B12
081209120612F290
070006085C20B012
22FB55209212781C
3A40FAF94C438A12
3B40841C264B3840
B0F93940A41CB290
0020A41C092C1F43
B01218FB3F400020
2F89824FA41C063C
0F43B01218FBB250
00E0A41C9252A41C
A41C2F497E420D43
0C48AB121F435E43
3D4022000C48AB12
6C428A122F493FF0
FF07824FA61C1F42
A61C7E400B003D40
16000C48AB127C40
05008A122F497E40
0C003D4028000C48
AB127C4006008A12
2F497E400C003D40
34000C48AB12B2B0
10002201062C7C40
280092128C1C0C43
053CE2C2C31C9212
941C1C4330406C5F
5E433D4021000C48
0046C2430808E2D2
C31C9212981C4C93
3041F29007000608
02240C433041B012
22FB0824A243DCF8
7C40280092128C1C
0C4330419212781C
92D30007B2404BD8
0207B2C000020007
A2D200079243DCF8
32D0D800E2B3C31C
0528E2C3C31C9242
A41CDEF85C439212
861CE2C2C31C9212
941C1C433041F290
0700060802240C43
3041C2430808E2D2
C31C9212721C1C43
30410A129212201C
4C931424F2900500
0C0810201D420608
5F4206080D930720
7F9305209212941C
C2430808123C7F90
100002280C430E3C
C24308080C43073C
0E4C0E5E0A4D0A5E
A24A08081C530C9F
F72B1C433A413041
0A120B1208120912
5B42A9F94843C293
64F80934F2C08000
64F86BB201285843
4C439212861C5942
64F80A3C6A930420
B2B0000200080428
7C4006009212881C
1A429E014A931F24
4E496E837E900300
F72F7A9010000220
58B3122C4C4A7C50
11009212601C5BB3
03287A900600E827
6BB303287A900E00
E3277A901000D623
58B3DE2FD93F5E42
64F86E837E900300
252C9212961C9212
9A1C003C3F403305
3F53FE2FA2B32201
15283F404EC30343
0B433F533B63FD2F
B2B0100022010728
B2B000020008032C
9212701C073C7C40
0A00023C7C400B00
92128C1C9212581C
32D230406E5F3041
0000000000000000
0000000000000000
0000000000000000
0000000000000000
0000000000000000
0000000000000000
0000000000000000
0000000000000000
0000000000000000
0000000000000000
0000000000000000
0000000000000000
0000000000000000
0000000000000000
0000000000000000
0000000000000000
0000000000000000
0000000000000000
0000000000000000
0000000000000000
0000000000000000
0000000000000000
0000000000000000
0000000000000000
0000000000000000
0000000000000000
0000000000000000
0000000000000000
0000000000000000
0000000000000000
0000000000000000
0000000000000000
0000000000000000
0000000000000000
0000000000000000
0000000000000000
0000000000000000
0000000000000000
0000000000000000
0000000000000000
0000000000000000
0000000000000000
0000000000000000
0000000000000000
0000000000000000
0000000000000000
0000000000000000
0000000000000000
0000000000000000
0000000000000000
0000000000000000
0000000000000000
0000000000000000
0000000000000000
0000000000000000
0000000000000000
0000000000000000
0000000000000000
0000000000000000
0000000000000000
0000000000000000
0000000000000000
0000000000000000
0000000000000000
0000000000000000
0000000000000000
0000000000000000
0000000000000000
0000000000000000
0000000000000000
0000000000000000
0000000000000000
0000000000000000
0000000000000000
0000000000000000
0000000000000000
0000000000000000
0000000000000000
0000000000000000
0000000000000000
0000000000000000
0000000000000000
0000000000000000
0000000000000000
FFFFEEFC250008FC
01002EFC00000000
0000000000000000
00000000ABAB32FB
E2003CFAE10096FB
E0002C5AA400B2FB
A300565AA200BAF9
A1002457A000ABAB
00000000FFFFFFFF
2000716200000000
0000000000000000
0000AE5C0000A857
0000284E68450000
DC5FAE5A7A5ADA50
